<?xml version="1.0" encoding="UTF-8"?>
<!-- Generated by org.testng.reporters.JUnitXMLReporter -->
<testsuite hostname="RAGHAVENDRA" ignored="3" name="Test" tests="3" failures="0" timestamp="03 Mar 2020 13:36:27 GMT" time="0.029" errors="0">
  <testcase name="CreateUser" time="0.004" classname="test.frist.Group"/>
  <testcase name="editUser" time="0.001" classname="test.frist.Group"/>
  <testcase name="deleteUser" time="0.001" classname="test.frist.Group"/>
  <testcase name="editTask" time="0.0" classname="test.frist.Group">
    <ignored/>
  </testcase> <!-- editTask -->
  <testcase name="deleteTask" time="0.0" classname="test.frist.Group">
    <ignored/>
  </testcase> <!-- deleteTask -->
  <testcase name="createTask" time="0.0" classname="test.frist.Group">
    <ignored/>
  </testcase> <!-- createTask -->
</testsuite> <!-- Test -->
